[11:00:00] ===== 每日日报 (2026-06-09) =====
[11:00:00] 检测到 SOCKS 代理 :13659，采集走代理（HF/Reddit 可用）
[11:00:00] 运行 daily pipeline...
[11:01:28] daily 失败 exit=1，终止
[11:00:01] ===== 每日日报 (2026-06-10) =====
[11:00:01] 检测到 SOCKS 代理 :13659，采集走代理（HF/Reddit 可用）
[11:00:01] 运行 daily pipeline...
[11:03:05] 推送钉钉...
[11:03:06] 提交并推送...
[11:03:15] push 完成
[11:03:15] ===== 完成 =====
[11:00:02] ===== 每日日报 (2026-06-11) =====
[11:00:02] 检测到 SOCKS 代理 :13659，采集走代理（HF/Reddit 可用）
[11:00:02] 运行 daily pipeline...
[11:02:46] 推送钉钉...
[11:02:46] 提交并推送...
[11:02:55] push 完成
[11:02:55] ===== 完成 =====
[11:00:05] ===== 每日日报 (2026-06-12) =====
[11:00:05] 未检测到代理 :13659，采集走直连（HF/Reddit 可能拿不到，不影响其它源）
[11:00:05] 运行 daily pipeline...
[11:11:55] 推送钉钉...
[11:11:55] 提交并推送...
[11:12:04] push 完成
[11:12:04] 运行部门版日报...
[11:12:04] ===== 部门版日报 (2026-06-12) =====
[11:13:06] 推送钉钉（部门版试运行）...
[11:13:06] ===== 完成，产物在 data/dept_daily/2026-06-12/ =====
[11:13:06] ===== 完成 =====
[11:00:05] ===== 每日日报 (2026-06-13) =====
[11:00:05] 未检测到代理 :13659，采集走直连（HF/Reddit 可能拿不到，不影响其它源）
[11:00:05] 运行 daily pipeline...
[19:33:52] 推送钉钉...
[19:33:53] 提交并推送...
